<?xml version="1.0" encoding="UTF-8" ?>
<testsuite errors="0" failures="0" hostname="SRIRAM-PC" name="SeleniumA.A" skipped="12" tests="13" time="7.75" timestamp="2017-01-28T14:40:14">
  <properties>
[...]
</properties>
  <testcase classname="SeleniumA.A" name="RadioButtons" time="0.0">
    <skipped />
  </testcase>
  <testcase classname="SeleniumA.A" name="CntrlKeyPress" time="0.0">
    <skipped />
  </testcase>
  <testcase classname="SeleniumA.A" name="ReadRegistryValue" time="0.0">
    <skipped />
  </testcase>
  <testcase classname="SeleniumA.A" name="KillProcessByName" time="0.0">
    <skipped />
  </testcase>
  <testcase classname="SeleniumA.A" name="CaptureScreenshot" time="0.0">
    <skipped />
  </testcase>
  <testcase classname="SeleniumA.A" name="VerifyDropdownValues" time="0.0">
    <skipped />
  </testcase>
  <testcase classname="SeleniumA.A" name="DoubleClick" time="0.0">
    <skipped />
  </testcase>
  <testcase classname="SeleniumA.A" name="GetAttribute" time="0.0">
    <skipped />
  </testcase>
  <testcase classname="SeleniumA.A" name="TestDropdowns" time="0.001">
    <skipped />
  </testcase>
  <testcase classname="SeleniumA.A" name="GetText" time="4.52" />
  <testcase classname="SeleniumA.A" name="Checkbox" time="0.0">
    <skipped />
  </testcase>
  <testcase classname="SeleniumA.A" name="AllLinks" time="0.0">
    <skipped />
  </testcase>
  <testcase classname="SeleniumA.A" name="GetTitle" time="0.0">
    <skipped />
  </testcase>
  <system-out><![CDATA[]]></system-out>
  <system-err><![CDATA[Starting ChromeDriver 2.27.440174 (e97a722caafc2d3a8b807ee115bfb307f7d2cfd9) on port 44555
Only local connections are allowed.
]]></system-err>
</testsuite>
